C:\Users\ACER\OneDrive\Máy tính\DOAN NodeJS\DOAN_NNPTUD\backend\node_modules\mongoose\lib\connection.js:1168
    err = new ServerSelectionError();
          ^

MongooseServerSelectionError: connect ECONNREFUSED ::1:27017, connect ECONNREFUSED 127.0.0.1:27017
    at _handleConnectionErrors (C:\Users\ACER\OneDrive\Máy tính\DOAN NodeJS\DOAN_NNPTUD\backend\node_modules\mongoose\lib\connection.js:1168:11)
    at NativeConnection.openUri (C:\Users\ACER\OneDrive\Máy tính\DOAN NodeJS\DOAN_NNPTUD\backend\node_modules\mongoose\lib\connection.js:1099:11)
    at runNextTicks (node:internal/process/task_queues:65:5)
    at listOnTimeout (node:internal/timers:549:9)
    at process.processTimers (node:internal/timers:523:7) {
  errorLabelSet: Set(0) {},
  reason: TopologyDescription {
    type: 'ReplicaSetNoPrimary',
    servers: Map(3) {
      'localhost:27017' => ServerDescription {
        address: 'localhost:27017',
        type: 'Unknown',
        hosts: [],
        passives: [],
        arbiters: [],
        tags: {},
        minWireVersion: 0,
        maxWireVersion: 0,
        roundTripTime: -1,
        minRoundTripTime: 0,
        lastUpdateTime: 31421,
        lastWriteDate: 0,
        error: MongoNetworkError: connect ECONNREFUSED ::1:27017, connect ECONNREFUSED 127.0.0.1:27017
            at Socket.<anonymous> (C:\Users\ACER\OneDrive\Máy tính\DOAN NodeJS\DOAN_NNPTUD\backend\node_modules\mongodb\lib\cmap\connect.js:313:44)
            at Object.onceWrapper (node:events:633:26)
            at Socket.emit (node:events:518:28)
            at emitErrorNT (node:internal/streams/destroy:170:8)
            at emitErrorCloseNT (node:internal/streams/destroy:129:3)
            at process.processTicksAndRejections (node:internal/process/task_queues:90:21) {
          errorLabelSet: Set(3) {
            'SystemOverloadedError',
            'RetryableError',
            'ResetPool'
          },
          beforeHandshake: false,
          [cause]: AggregateError [ECONNREFUSED]: 
              at internalConnectMultiple (node:net:1139:18)
              at afterConnectMultiple (node:net:1714:7) {
            code: 'ECONNREFUSED',
            [errors]: [Array]
          }
        },
        topologyVersion: null,
        setName: null,
        setVersion: null,
        electionId: null,
        logicalSessionTimeoutMinutes: null,
        maxMessageSizeBytes: null,
        maxWriteBatchSize: null,
        maxBsonObjectSize: null,
        primary: null,
        me: null,
        '$clusterTime': null,
        iscryptd: false
      },
      'localhost:27018' => ServerDescription {
        address: 'localhost:27018',
        type: 'Unknown',
        hosts: [],
        passives: [],
        arbiters: [],
        tags: {},
        minWireVersion: 0,
        maxWireVersion: 0,
        roundTripTime: -1,
        minRoundTripTime: 0,
        lastUpdateTime: 31421,
        lastWriteDate: 0,
        error: MongoNetworkError: connect ECONNREFUSED ::1:27018, connect ECONNREFUSED 127.0.0.1:27018
            at Socket.<anonymous> (C:\Users\ACER\OneDrive\Máy tính\DOAN NodeJS\DOAN_NNPTUD\backend\node_modules\mongodb\lib\cmap\connect.js:313:44)
            at Object.onceWrapper (node:events:633:26)
            at Socket.emit (node:events:518:28)
            at emitErrorNT (node:internal/streams/destroy:170:8)
            at emitErrorCloseNT (node:internal/streams/destroy:129:3)
            at process.processTicksAndRejections (node:internal/process/task_queues:90:21) {
          errorLabelSet: Set(3) {
            'SystemOverloadedError',
            'RetryableError',
            'ResetPool'
          },
          beforeHandshake: false,
          [cause]: AggregateError [ECONNREFUSED]: 
              at internalConnectMultiple (node:net:1139:18)
              at afterConnectMultiple (node:net:1714:7) {
            code: 'ECONNREFUSED',
            [errors]: [Array]
          }
        },
        topologyVersion: null,
        setName: null,
        setVersion: null,
        electionId: null,
        logicalSessionTimeoutMinutes: null,
        maxMessageSizeBytes: null,
        maxWriteBatchSize: null,
        maxBsonObjectSize: null,
        primary: null,
        me: null,
        '$clusterTime': null,
        iscryptd: false
      },
      'localhost:27019' => ServerDescription {
        address: 'localhost:27019',
        type: 'Unknown',
        hosts: [],
        passives: [],
        arbiters: [],
        tags: {},
        minWireVersion: 0,
        maxWireVersion: 0,
        roundTripTime: -1,
        minRoundTripTime: 0,
        lastUpdateTime: 31421,
        lastWriteDate: 0,
        error: MongoNetworkError: connect ECONNREFUSED ::1:27019, connect ECONNREFUSED 127.0.0.1:27019
            at Socket.<anonymous> (C:\Users\ACER\OneDrive\Máy tính\DOAN NodeJS\DOAN_NNPTUD\backend\node_modules\mongodb\lib\cmap\connect.js:313:44)
            at Object.onceWrapper (node:events:633:26)
            at Socket.emit (node:events:518:28)
            at emitErrorNT (node:internal/streams/destroy:170:8)
            at emitErrorCloseNT (node:internal/streams/destroy:129:3)
            at process.processTicksAndRejections (node:internal/process/task_queues:90:21) {
          errorLabelSet: Set(3) {
            'SystemOverloadedError',
            'RetryableError',
            'ResetPool'
          },
          beforeHandshake: false,
          [cause]: AggregateError [ECONNREFUSED]: 
              at internalConnectMultiple (node:net:1139:18)
              at afterConnectMultiple (node:net:1714:7) {
            code: 'ECONNREFUSED',
            [errors]: [Array]
          }
        },
        topologyVersion: null,
        setName: null,
        setVersion: null,
        electionId: null,
        logicalSessionTimeoutMinutes: null,
        maxMessageSizeBytes: null,
        maxWriteBatchSize: null,
        maxBsonObjectSize: null,
        primary: null,
        me: null,
        '$clusterTime': null,
        iscryptd: false
      }
    },
    stale: false,
    compatible: true,
    heartbeatFrequencyMS: 10000,
    localThresholdMS: 15,
    setName: 'rs0',
    maxElectionId: null,
    maxSetVersion: null,
    commonWireVersion: 0,
    logicalSessionTimeoutMinutes: null
  },
  code: undefined,
  cause: TopologyDescription {
    type: 'ReplicaSetNoPrimary',
    servers: Map(3) {
      'localhost:27017' => ServerDescription {
        address: 'localhost:27017',
        type: 'Unknown',
        hosts: [],
        passives: [],
        arbiters: [],
        tags: {},
        minWireVersion: 0,
        maxWireVersion: 0,
        roundTripTime: -1,
        minRoundTripTime: 0,
        lastUpdateTime: 31421,
        lastWriteDate: 0,
        error: MongoNetworkError: connect ECONNREFUSED ::1:27017, connect ECONNREFUSED 127.0.0.1:27017
            at Socket.<anonymous> (C:\Users\ACER\OneDrive\Máy tính\DOAN NodeJS\DOAN_NNPTUD\backend\node_modules\mongodb\lib\cmap\connect.js:313:44)
            at Object.onceWrapper (node:events:633:26)
            at Socket.emit (node:events:518:28)
            at emitErrorNT (node:internal/streams/destroy:170:8)
            at emitErrorCloseNT (node:internal/streams/destroy:129:3)
            at process.processTicksAndRejections (node:internal/process/task_queues:90:21) {
          errorLabelSet: Set(3) {
            'SystemOverloadedError',
            'RetryableError',
            'ResetPool'
          },
          beforeHandshake: false,
          [cause]: AggregateError [ECONNREFUSED]: 
              at internalConnectMultiple (node:net:1139:18)
              at afterConnectMultiple (node:net:1714:7) {
            code: 'ECONNREFUSED',
            [errors]: [Array]
          }
        },
        topologyVersion: null,
        setName: null,
        setVersion: null,
        electionId: null,
        logicalSessionTimeoutMinutes: null,
        maxMessageSizeBytes: null,
        maxWriteBatchSize: null,
        maxBsonObjectSize: null,
        primary: null,
        me: null,
        '$clusterTime': null,
        iscryptd: false
      },
      'localhost:27018' => ServerDescription {
        address: 'localhost:27018',
        type: 'Unknown',
        hosts: [],
        passives: [],
        arbiters: [],
        tags: {},
        minWireVersion: 0,
        maxWireVersion: 0,
        roundTripTime: -1,
        minRoundTripTime: 0,
        lastUpdateTime: 31421,
        lastWriteDate: 0,
        error: MongoNetworkError: connect ECONNREFUSED ::1:27018, connect ECONNREFUSED 127.0.0.1:27018
            at Socket.<anonymous> (C:\Users\ACER\OneDrive\Máy tính\DOAN NodeJS\DOAN_NNPTUD\backend\node_modules\mongodb\lib\cmap\connect.js:313:44)
            at Object.onceWrapper (node:events:633:26)
            at Socket.emit (node:events:518:28)
            at emitErrorNT (node:internal/streams/destroy:170:8)
            at emitErrorCloseNT (node:internal/streams/destroy:129:3)
            at process.processTicksAndRejections (node:internal/process/task_queues:90:21) {
          errorLabelSet: Set(3) {
            'SystemOverloadedError',
            'RetryableError',
            'ResetPool'
          },
          beforeHandshake: false,
          [cause]: AggregateError [ECONNREFUSED]: 
              at internalConnectMultiple (node:net:1139:18)
              at afterConnectMultiple (node:net:1714:7) {
            code: 'ECONNREFUSED',
            [errors]: [Array]
          }
        },
        topologyVersion: null,
        setName: null,
        setVersion: null,
        electionId: null,
        logicalSessionTimeoutMinutes: null,
        maxMessageSizeBytes: null,
        maxWriteBatchSize: null,
        maxBsonObjectSize: null,
        primary: null,
        me: null,
        '$clusterTime': null,
        iscryptd: false
      },
      'localhost:27019' => ServerDescription {
        address: 'localhost:27019',
        type: 'Unknown',
        hosts: [],
        passives: [],
        arbiters: [],
        tags: {},
        minWireVersion: 0,
        maxWireVersion: 0,
        roundTripTime: -1,
        minRoundTripTime: 0,
        lastUpdateTime: 31421,
        lastWriteDate: 0,
        error: MongoNetworkError: connect ECONNREFUSED ::1:27019, connect ECONNREFUSED 127.0.0.1:27019
            at Socket.<anonymous> (C:\Users\ACER\OneDrive\Máy tính\DOAN NodeJS\DOAN_NNPTUD\backend\node_modules\mongodb\lib\cmap\connect.js:313:44)
            at Object.onceWrapper (node:events:633:26)
            at Socket.emit (node:events:518:28)
            at emitErrorNT (node:internal/streams/destroy:170:8)
            at emitErrorCloseNT (node:internal/streams/destroy:129:3)
            at process.processTicksAndRejections (node:internal/process/task_queues:90:21) {
          errorLabelSet: Set(3) {
            'SystemOverloadedError',
            'RetryableError',
            'ResetPool'
          },
          beforeHandshake: false,
          [cause]: AggregateError [ECONNREFUSED]: 
              at internalConnectMultiple (node:net:1139:18)
              at afterConnectMultiple (node:net:1714:7) {
            code: 'ECONNREFUSED',
            [errors]: [Array]
          }
        },
        topologyVersion: null,
        setName: null,
        setVersion: null,
        electionId: null,
        logicalSessionTimeoutMinutes: null,
        maxMessageSizeBytes: null,
        maxWriteBatchSize: null,
        maxBsonObjectSize: null,
        primary: null,
        me: null,
        '$clusterTime': null,
        iscryptd: false
      }
    },
    stale: false,
    compatible: true,
    heartbeatFrequencyMS: 10000,
    localThresholdMS: 15,
    setName: 'rs0',
    maxElectionId: null,
    maxSetVersion: null,
    commonWireVersion: 0,
    logicalSessionTimeoutMinutes: null
  }
}

Node.js v22.16.0
,
        maxBsonObjectSize: null,
        primary: null,
        me: null,
        '$clusterTime': null,
        iscryptd: false
      }
    },
    stale: false,
    compatible: true,
    heartbeatFrequencyMS: 10000,
    localThresholdMS: 15,
    setName: 'rs0',
    maxElectionId: null,
    maxSetVersion: null,
    commonWireVersion: 0,
    logicalSessionTimeoutMinutes: null
  }
}

Node.js v22.16.0
