[dotenv@17.3.1] injecting env (4) from .env -- tip: ⚙️  suppress all logs with { quiet: true }
Server running at http://localhost:3000
MongoDB connected
Role already exists: admin
Role already exists: user
Seed roles done!
Client connected via socket: md1Cfwz5xBTwBtCyAAAB
User 69cd0c258514751889e7ad16 joined their personal room.
Client connected via socket: jQX5jLZ84mZiRdA0AAAD
User 69cd1f39678c3abf7cc42969 joined their personal room.
Client disconnected: jQX5jLZ84mZiRdA0AAAD
Client connected via socket: Y_qK30er7RU_yKf3AAAF
Client disconnected: Y_qK30er7RU_yKf3AAAF
Client connected via socket: mLqt2yLXL3skShT_AAAH
User 69cd1f39678c3abf7cc42969 joined their personal room.
Client disconnected: md1Cfwz5xBTwBtCyAAAB
Client connected via socket: sxiwR0NbhgvRk8QuAAAJ
User 69cd0c258514751889e7ad16 joined their personal room.
Client disconnected: sxiwR0NbhgvRk8QuAAAJ
Client disconnected: mLqt2yLXL3skShT_AAAH
